This is pdfTeX, Version 3.14159265-2.6-1.40.20 (TeX Live 2019/Debian) (preloaded format=pdflatex 2021.1.3)  12 JAN 2021 10:25
entering extended mode
 restricted \write18 enabled.
 %&-line parsing enabled.
**UG.tex
(./UG.tex
LaTeX2e <2020-02-02> patch level 2
L3 programming layer <2020-02-14>
(/usr/share/texlive/texmf-dist/tex/latex/base/report.cls
Document Class: report 2019/12/20 v1.4l Standard LaTeX document class
(/usr/share/texlive/texmf-dist/tex/latex/base/size11.clo
File: size11.clo 2019/12/20 v1.4l Standard LaTeX file (size option)
)
\c@part=\count167
\c@chapter=\count168
\c@section=\count169
\c@subsection=\count170
\c@subsubsection=\count171
\c@paragraph=\count172
\c@subparagraph=\count173
\c@figure=\count174
\c@table=\count175
\abovecaptionskip=\skip47
\belowcaptionskip=\skip48
\bibindent=\dimen134
)
(/usr/share/texlive/texmf-dist/tex/latex/base/fontenc.sty
Package: fontenc 2020/02/11 v2.0o Standard LaTeX package
)
(/usr/share/texlive/texmf-dist/tex/latex/base/inputenc.sty
Package: inputenc 2018/08/11 v1.3c Input encoding file
\inpenc@prehook=\toks14
\inpenc@posthook=\toks15
)
(/usr/share/texmf/tex/latex/lm/lmodern.sty
Package: lmodern 2009/10/30 v1.6 Latin Modern Fonts
LaTeX Font Info:    Overwriting symbol font `operators' in version `normal'
(Font)                  OT1/cmr/m/n --> OT1/lmr/m/n on input line 22.
LaTeX Font Info:    Overwriting symbol font `letters' in version `normal'
(Font)                  OML/cmm/m/it --> OML/lmm/m/it on input line 23.
LaTeX Font Info:    Overwriting symbol font `symbols' in version `normal'
(Font)                  OMS/cmsy/m/n --> OMS/lmsy/m/n on input line 24.
LaTeX Font Info:    Overwriting symbol font `largesymbols' in version `normal'
(Font)                  OMX/cmex/m/n --> OMX/lmex/m/n on input line 25.
LaTeX Font Info:    Overwriting symbol font `operators' in version `bold'
(Font)                  OT1/cmr/bx/n --> OT1/lmr/bx/n on input line 26.
LaTeX Font Info:    Overwriting symbol font `letters' in version `bold'
(Font)                  OML/cmm/b/it --> OML/lmm/b/it on input line 27.
LaTeX Font Info:    Overwriting symbol font `symbols' in version `bold'
(Font)                  OMS/cmsy/b/n --> OMS/lmsy/b/n on input line 28.
LaTeX Font Info:    Overwriting symbol font `largesymbols' in version `bold'
(Font)                  OMX/cmex/m/n --> OMX/lmex/m/n on input line 29.
LaTeX Font Info:    Overwriting math alphabet `\mathbf' in version `normal'
(Font)                  OT1/cmr/bx/n --> OT1/lmr/bx/n on input line 31.
LaTeX Font Info:    Overwriting math alphabet `\mathsf' in version `normal'
(Font)                  OT1/cmss/m/n --> OT1/lmss/m/n on input line 32.
LaTeX Font Info:    Overwriting math alphabet `\mathit' in version `normal'
(Font)                  OT1/cmr/m/it --> OT1/lmr/m/it on input line 33.
LaTeX Font Info:    Overwriting math alphabet `\mathtt' in version `normal'
(Font)                  OT1/cmtt/m/n --> OT1/lmtt/m/n on input line 34.
LaTeX Font Info:    Overwriting math alphabet `\mathbf' in version `bold'
(Font)                  OT1/cmr/bx/n --> OT1/lmr/bx/n on input line 35.
LaTeX Font Info:    Overwriting math alphabet `\mathsf' in version `bold'
(Font)                  OT1/cmss/bx/n --> OT1/lmss/bx/n on input line 36.
LaTeX Font Info:    Overwriting math alphabet `\mathit' in version `bold'
(Font)                  OT1/cmr/bx/it --> OT1/lmr/bx/it on input line 37.
LaTeX Font Info:    Overwriting math alphabet `\mathtt' in version `bold'
(Font)                  OT1/cmtt/m/n --> OT1/lmtt/m/n on input line 38.
)
(/usr/share/texlive/texmf-dist/tex/latex/float/float.sty
Package: float 2001/11/08 v1.3d Float enhancements (AL)
\c@float@type=\count176
\float@exts=\toks16
\float@box=\box45
\@float@everytoks=\toks17
\@floatcapt=\box46
)
(/usr/share/texlive/texmf-dist/tex/latex/tools/array.sty
Package: array 2019/08/31 v2.4l Tabular extension package (FMi)
\col@sep=\dimen135
\ar@mcellbox=\box47
\extrarowheight=\dimen136
\NC@list=\toks18
\extratabsurround=\skip49
\backup@length=\skip50
\ar@cellbox=\box48
)
(/usr/share/texlive/texmf-dist/tex/latex/base/textcomp.sty
Package: textcomp 2020/02/02 v2.0n Standard LaTeX package
)
(/usr/share/texlive/texmf-dist/tex/latex/graphics/graphicx.sty
Package: graphicx 2019/11/30 v1.2a Enhanced LaTeX Graphics (DPC,SPQR)

(/usr/share/texlive/texmf-dist/tex/latex/graphics/keyval.sty
Package: keyval 2014/10/28 v1.15 key=value parser (DPC)
\KV@toks@=\toks19
)
(/usr/share/texlive/texmf-dist/tex/latex/graphics/graphics.sty
Package: graphics 2019/11/30 v1.4a Standard LaTeX Graphics (DPC,SPQR)

(/usr/share/texlive/texmf-dist/tex/latex/graphics/trig.sty
Package: trig 2016/01/03 v1.10 sin cos tan (DPC)
)
(/usr/share/texlive/texmf-dist/tex/latex/graphics-cfg/graphics.cfg
File: graphics.cfg 2016/06/04 v1.11 sample graphics configuration
)
Package graphics Info: Driver file: pdftex.def on input line 105.

(/usr/share/texlive/texmf-dist/tex/latex/graphics-def/pdftex.def
File: pdftex.def 2018/01/08 v1.0l Graphics/color driver for pdftex
))
\Gin@req@height=\dimen137
\Gin@req@width=\dimen138
)
\@float@every@code=\toks20
\c@code=\count177

(/usr/share/texlive/texmf-dist/tex/latex/l3backend/l3backend-pdfmode.def
File: l3backend-pdfmode.def 2020-02-03 L3 backend support: PDF mode
\l__kernel_color_stack_int=\count178
\l__pdf_internal_box=\box49
)
(./UG.aux)
\openout1 = `UG.aux'.

LaTeX Font Info:    Checking defaults for OML/cmm/m/it on input line 17.
LaTeX Font Info:    ... okay on input line 17.
LaTeX Font Info:    Checking defaults for OMS/cmsy/m/n on input line 17.
LaTeX Font Info:    ... okay on input line 17.
LaTeX Font Info:    Checking defaults for OT1/cmr/m/n on input line 17.
LaTeX Font Info:    ... okay on input line 17.
LaTeX Font Info:    Checking defaults for T1/cmr/m/n on input line 17.
LaTeX Font Info:    ... okay on input line 17.
LaTeX Font Info:    Checking defaults for TS1/cmr/m/n on input line 17.
LaTeX Font Info:    ... okay on input line 17.
LaTeX Font Info:    Checking defaults for OMX/cmex/m/n on input line 17.
LaTeX Font Info:    ... okay on input line 17.
LaTeX Font Info:    Checking defaults for U/cmr/m/n on input line 17.
LaTeX Font Info:    ... okay on input line 17.
LaTeX Font Info:    Trying to load font information for T1+lmr on input line 17
.
 (/usr/share/texmf/tex/latex/lm/t1lmr.fd
File: t1lmr.fd 2009/10/30 v1.6 Font defs for Latin Modern
)
(/usr/share/texlive/texmf-dist/tex/context/base/mkii/supp-pdf.mkii
[Loading MPS to PDF converter (version 2006.09.02).]
\scratchcounter=\count179
\scratchdimen=\dimen139
\scratchbox=\box50
\nofMPsegments=\count180
\nofMParguments=\count181
\everyMPshowfont=\toks21
\MPscratchCnt=\count182
\MPscratchDim=\dimen140
\MPnumerator=\count183
\makeMPintoPDFobject=\count184
\everyMPtoPDFconversion=\toks22
) (/usr/share/texlive/texmf-dist/tex/latex/epstopdf-pkg/epstopdf-base.sty
Package: epstopdf-base 2020-01-24 v2.11 Base part for package epstopdf

(/usr/share/texlive/texmf-dist/tex/generic/infwarerr/infwarerr.sty
Package: infwarerr 2019/12/03 v1.5 Providing info/warning/error messages (HO)
)
(/usr/share/texlive/texmf-dist/tex/latex/grfext/grfext.sty
Package: grfext 2019/12/03 v1.3 Manage graphics extensions (HO)

(/usr/share/texlive/texmf-dist/tex/generic/kvdefinekeys/kvdefinekeys.sty
Package: kvdefinekeys 2019-12-19 v1.6 Define keys (HO)
))
(/usr/share/texlive/texmf-dist/tex/latex/kvoptions/kvoptions.sty
Package: kvoptions 2019/11/29 v3.13 Key value format for package options (HO)

(/usr/share/texlive/texmf-dist/tex/generic/ltxcmds/ltxcmds.sty
Package: ltxcmds 2019/12/15 v1.24 LaTeX kernel commands for general use (HO)
)
(/usr/share/texlive/texmf-dist/tex/generic/kvsetkeys/kvsetkeys.sty
Package: kvsetkeys 2019/12/15 v1.18 Key value parser (HO)
))
(/usr/share/texlive/texmf-dist/tex/latex/pdftexcmds/pdftexcmds.sty
Package: pdftexcmds 2019/11/24 v0.31 Utility functions of pdfTeX for LuaTeX (HO
)

(/usr/share/texlive/texmf-dist/tex/generic/iftex/iftex.sty
Package: iftex 2019/11/07 v1.0c TeX engine tests
)
Package pdftexcmds Info: \pdf@primitive is available.
Package pdftexcmds Info: \pdf@ifprimitive is available.
Package pdftexcmds Info: \pdfdraftmode found.
)
Package epstopdf-base Info: Redefining graphics rule for `.eps' on input line 4
85.
Package grfext Info: Graphics extension search list:
(grfext)             [.pdf,.png,.jpg,.mps,.jpeg,.jbig2,.jb2,.PDF,.PNG,.JPG,.JPE
G,.JBIG2,.JB2,.eps]
(grfext)             \AppendGraphicsExtensions on input line 504.

(/usr/share/texlive/texmf-dist/tex/latex/latexconfig/epstopdf-sys.cfg
File: epstopdf-sys.cfg 2010/07/13 v1.3 Configuration of (r)epstopdf for TeX Liv
e
))
LaTeX Font Info:    Trying to load font information for OT1+lmr on input line 1
9.

(/usr/share/texmf/tex/latex/lm/ot1lmr.fd
File: ot1lmr.fd 2009/10/30 v1.6 Font defs for Latin Modern
)
LaTeX Font Info:    Trying to load font information for OML+lmm on input line 1
9.

(/usr/share/texmf/tex/latex/lm/omllmm.fd
File: omllmm.fd 2009/10/30 v1.6 Font defs for Latin Modern
)
LaTeX Font Info:    Trying to load font information for OMS+lmsy on input line 
19.

(/usr/share/texmf/tex/latex/lm/omslmsy.fd
File: omslmsy.fd 2009/10/30 v1.6 Font defs for Latin Modern
)
LaTeX Font Info:    Trying to load font information for OMX+lmex on input line 
19.

(/usr/share/texmf/tex/latex/lm/omxlmex.fd
File: omxlmex.fd 2009/10/30 v1.6 Font defs for Latin Modern
)
LaTeX Font Info:    External font `lmex10' loaded for size
(Font)              <12> on input line 19.
LaTeX Font Info:    External font `lmex10' loaded for size
(Font)              <8> on input line 19.
LaTeX Font Info:    External font `lmex10' loaded for size
(Font)              <6> on input line 19.
 [1

{/var/lib/texmf/fonts/map/pdftex/updmap/pdftex.map}] (./UG.toc
LaTeX Font Info:    External font `lmex10' loaded for size
(Font)              <10.95> on input line 2.
 [1

]
LaTeX Font Info:    Trying to load font information for T1+lmtt on input line 2
9.
 (/usr/share/texmf/tex/latex/lm/t1lmtt.fd
File: t1lmtt.fd 2009/10/30 v1.6 Font defs for Latin Modern
)
Overfull \hbox (19.81197pt too wide) in paragraph at lines 46--46
 [][] []\T1/lmr/m/n/10.95 Class \T1/lmtt/m/n/10.95 Observation(DR.Observation, 
DR.GriddingMixin) []  
 []

)
\tf@toc=\write3
\openout3 = `UG.toc'.

 [2] (./UG.lof)
\tf@lof=\write4
\openout4 = `UG.lof'.

 [3

] (./UG.lot)
\tf@lot=\write5
\openout5 = `UG.lot'.

 [4

] (./UG.cod
Overfull \hbox (5.13603pt too wide) in paragraph at lines 6--6
 [][] []\T1/lmr/m/n/10.95 Opening and clos-ing a data re-duc-tion ses-sion us-i
ng the GAVRT 
 []

)
\tf@cod=\write6
\openout6 = `UG.cod'.

 [5

]
Chapter 1.

Overfull \hbox (3.8243pt too wide) in paragraph at lines 42--42
[]\T1/lmtt/m/n/9 kuiper@kuiper:/usr/local/projects/SolarPatrol/apps/Reduction$ 
ipython --pylab[] 
 []

[6

]
Chapter 2.
<DSS28-netmap.png, id=34, 349.60612pt x 389.35463pt>
File: DSS28-netmap.png Graphic file (type png)
<use DSS28-netmap.png>
Package pdftex.def Info: DSS28-netmap.png  used on input line 57.
(pdftex.def)             Requested size: 195.12877pt x 217.31824pt.
[7

 <./DSS28-netmap.png (PNG copy)>]
<DSS-28_Ops_168.png, id=38, 2110.88625pt x 1831.84375pt>
File: DSS-28_Ops_168.png Graphic file (type png)
<use DSS-28_Ops_168.png>
Package pdftex.def Info: DSS-28_Ops_168.png  used on input line 82.
(pdftex.def)             Requested size: 325.215pt x 282.19984pt.
 [8 <./DSS-28_Ops_168.png>]
<DSS-28_Ops_162.png, id=42, 2110.88625pt x 1831.84375pt>
File: DSS-28_Ops_162.png Graphic file (type png)
<use DSS-28_Ops_162.png>
Package pdftex.def Info: DSS-28_Ops_162.png  used on input line 98.
(pdftex.def)             Requested size: 325.215pt x 282.19984pt.
 [9 <./DSS-28_Ops_162.png>]
LaTeX Font Info:    External font `lmex10' loaded for size
(Font)              <9> on input line 148.
LaTeX Font Info:    External font `lmex10' loaded for size
(Font)              <5> on input line 148.
LaTeX Font Info:    Trying to load font information for TS1+lmr on input line 1
48.
 (/usr/share/texmf/tex/latex/lm/ts1lmr.fd
File: ts1lmr.fd 2009/10/30 v1.6 Font defs for Latin Modern
) [10] [11]
Chapter 3.

Overfull \hbox (1.24pt too wide) in paragraph at lines 242--242
[]                 \T1/lmtt/m/n/8 14: datetime.timedelta(0, 49625), 16: datetim
e.timedelta(0, 49625)}}[] 
 []

[12

] [13]
Chapter 4.

Overfull \hbox (16.77373pt too wide) in paragraph at lines 286--301
 [] 
 []


Overfull \hbox (5.17177pt too wide) in paragraph at lines 332--337
\T1/lmtt/m/n/10.95 boresights \T1/lmr/m/n/10.95 are those present when step [3]
 is done. \T1/lmtt/m/n/10.95 get_active_channels()
 []

[14

] [15]
Chapter 5.

Overfull \hbox (13.32307pt too wide) in paragraph at lines 346--352
\T1/lmr/m/n/10.95 at \T1/lmtt/m/n/10.95 http://gsc.lewiscenter.org/data_info/ds
s28_spec.php\T1/lmr/m/n/10.95 . Ra-dio source
 []

[16

] [17] [18]
Overfull \hbox (1.246pt too wide) in paragraph at lines 570--570
[]\T1/lmtt/m/n/8 sp = dbplotter.get_session_plotter(year=2019, doy=98); session
_summary(sp, save=True)[] 
 []


Overfull \hbox (1.246pt too wide) in paragraph at lines 570--570
[]\T1/lmtt/m/n/8 In [2]: sp = dbplotter.get_session_plotter(year=2019, doy=162)
; sp.summary(save=True)[] 
 []


Overfull \hbox (1.8747pt too wide) in paragraph at lines 539--577
\T1/lmr/m/n/10.95 will put sum-mary plots and text in a di-rec-tory \T1/lmtt/m/
n/10 Observations/dss28/2019/162\T1/lmr/m/n/10.95 . 
 []

[19] [20] [21]
Appendix A.
<db_relations.png, id=91, 613.9186pt x 427.2211pt>
File: db_relations.png Graphic file (type png)
<use db_relations.png>
Package pdftex.def Info: db_relations.png  used on input line 682.
(pdftex.def)             Requested size: 289.07999pt x 201.16551pt.

Underfull \hbox (badness 5563) in paragraph at lines 723--726
[]|\T1/lmr/m/n/10.95 five_point_id, xpwr_cfg_id, year, doy, utc, epoch,
 []


Underfull \hbox (badness 10000) in paragraph at lines 745--747
[]|\T1/lmr/m/n/10.95 weather_id, date-time, pres-sure, temp, hu-mid-ity,
 []


Overfull \hbox (22.4648pt too wide) in paragraph at lines 709--760
 [] 
 []


LaTeX Warning: Float too large for page by 5.54283pt on input line 761.

LaTeX Font Info:    Font shape `T1/lmtt/bx/n' in size <10.95> not available
(Font)              Font shape `T1/lmtt/b/n' tried instead on input line 764.
[22

] [23 <./db_relations.png>] [24]
Appendix B.

Overfull \hbox (39.37411pt too wide) in paragraph at lines 773--773
[][]\T1/lmtt/m/n/9 https://science.nrao.edu/facilities/vla/docs/manuals/oss2013
B/performance/fdscale| 
 []


Overfull \hbox (6.29918pt too wide) in paragraph at lines 798--798
[][]\T1/lmtt/m/n/9 https://science.lbo.us/facilities/vla/docs/manuals/oss/perfo
rmance/fdscale| 
 []


Overfull \hbox (15.74916pt too wide) in paragraph at lines 806--806
[][]\T1/lmtt/m/n/9 https://science.nrao.edu/facilities/vla/docs/manuals/oss/per
formance/fdscale| 
 []

[25

] [26]
Appendix C.
<importMap.png, id=115, 589.4522pt x 443.03015pt>
File: importMap.png Graphic file (type png)
<use importMap.png>
Package pdftex.def Info: importMap.png  used on input line 844.
(pdftex.def)             Requested size: 289.07999pt x 217.27596pt.
LaTeX Font Info:    Font shape `T1/lmtt/bx/n' in size <14.4> not available
(Font)              Font shape `T1/lmtt/b/n' tried instead on input line 849.
LaTeX Font Info:    Font shape `T1/lmtt/bx/n' in size <12> not available
(Font)              Font shape `T1/lmtt/b/n' tried instead on input line 853.
[27

]
Overfull \hbox (2.18521pt too wide) in paragraph at lines 863--864
[]\T1/lmr/m/n/10.95 [\T1/lmtt/m/n/10.95 dict\T1/lmr/m/n/10.95 ] are the orig-i-
nal ob-ser-va-tion data, \T1/lmr/m/it/10.95 e.g.\T1/lmr/m/n/10.95 , read from f
ile or database. 
 []

[28 <./importMap.png>] [29] [30]
Overfull \hbox (1.46191pt too wide) in paragraph at lines 957--957
[]\T1/lmr/bx/n/12 Class \T1/lmtt/b/n/12 Observation(DR.Observation, DR.Gridding
Mixin) 
 []

[31] [32]
Overfull \hbox (56.36458pt too wide) in paragraph at lines 1042--1042
[]\T1/lmr/bx/n/14.4 module Data_Reduction.DSN.GAVRT.Mysql.plotter 
 []


Overfull \hbox (24.39021pt too wide) in paragraph at lines 1074--1075
\T1/lmr/m/n/10.95 Methods in-her-ited from Data_Reduction.DSN.GAVRT.Mysql.dss28
db.DSS28db: 
 []


Overfull \hbox (7.99594pt too wide) in paragraph at lines 1076--1077
[]\T1/lmr/m/n/10.95 Get the meta-data for the bore-
 []


Underfull \hbox (badness 10000) in paragraph at lines 1085--1100

 []

[33]
Underfull \hbox (badness 10000) in paragraph at lines 1101--1112

 []


Underfull \hbox (badness 10000) in paragraph at lines 1112--1117

 []


Overfull \hbox (8.31688pt too wide) in paragraph at lines 1117--1129
[] 
 []

[34] [35]
Overfull \hbox (1.26828pt too wide) in paragraph at lines 1198--1200
[]\T1/lmr/m/n/10.95 Queries a ta-ble
 []


Overfull \hbox (1.38127pt too wide) in paragraph at lines 1201--1212
[] 
 []

[36] [37]
Appendix D.
<Block6A_3May07-r.png, id=153, 1609.01125pt x 890.32625pt>
File: Block6A_3May07-r.png Graphic file (type png)
<use Block6A_3May07-r.png>
Package pdftex.def Info: Block6A_3May07-r.png  used on input line 1274.
(pdftex.def)             Requested size: 360.0pt x 199.20078pt.
<Block6B_3May07-r.png, id=154, 1045.9075pt x 590.205pt>
File: Block6B_3May07-r.png Graphic file (type png)
<use Block6B_3May07-r.png>
Package pdftex.def Info: Block6B_3May07-r.png  used on input line 1283.
(pdftex.def)             Requested size: 360.0pt x 203.15263pt.
[38

 <./Block6A_3May07-r.png>] [39 <./Block6B_3May07-r.png>] [40

] (./UG.aux) ) 
Here is how much of TeX's memory you used:
 2362 strings out of 483183
 34848 string characters out of 5966293
 269619 words of memory out of 5000000
 17300 multiletter control sequences out of 15000+600000
 607760 words of font info for 71 fonts, out of 8000000 for 9000
 14 hyphenation exceptions out of 8191
 34i,10n,29p,446b,325s stack positions out of 5000i,500n,10000p,200000b,80000s
{/usr/share/texmf/fonts/enc/dvips/lm/lm-ts1.enc}{/usr/share/texmf
/fonts/enc/dvips/lm/lm-mathsy.enc}{/usr/share/texmf/fonts/enc/dvips/lm/lm-rm.en
c}{/usr/share/texmf/fonts/enc/dvips/lm/lm-ec.enc}{/usr/share/texmf/fonts/enc/dv
ips/lm/lm-mathit.enc}</usr/share/texmf/fonts/type1/public/lm/lmbx10.pfb></usr/s
hare/texmf/fonts/type1/public/lm/lmbx12.pfb></usr/share/texmf/fonts/type1/publi
c/lm/lmmi10.pfb></usr/share/texmf/fonts/type1/public/lm/lmmi8.pfb></usr/share/t
exmf/fonts/type1/public/lm/lmr10.pfb></usr/share/texmf/fonts/type1/public/lm/lm
r12.pfb></usr/share/texmf/fonts/type1/public/lm/lmr17.pfb></usr/share/texmf/fon
ts/type1/public/lm/lmr6.pfb></usr/share/texmf/fonts/type1/public/lm/lmr8.pfb></
usr/share/texmf/fonts/type1/public/lm/lmr9.pfb></usr/share/texmf/fonts/type1/pu
blic/lm/lmri10.pfb></usr/share/texmf/fonts/type1/public/lm/lmsy10.pfb></usr/sha
re/texmf/fonts/type1/public/lm/lmsy8.pfb></usr/share/texmf/fonts/type1/public/l
m/lmtk10.pfb></usr/share/texmf/fonts/type1/public/lm/lmtt10.pfb></usr/share/tex
mf/fonts/type1/public/lm/lmtt8.pfb></usr/share/texmf/fonts/type1/public/lm/lmtt
9.pfb></usr/share/texmf/fonts/type1/public/lm/lmtti10.pfb>
Output written on UG.pdf (41 pages, 1475412 bytes).
PDF statistics:
 235 PDF objects out of 1000 (max. 8388607)
 161 compressed objects within 2 object streams
 0 named destinations out of 1000 (max. 500000)
 36 words of extra memory for PDF output out of 10000 (max. 10000000)

